  Source.cpp
Source.obj : error LNK2019: unresolved external symbol __imp_glClear referenced in function "void __cdecl renderScene(void)" (?renderScene@@YAXXZ)
Source.obj : error LNK2019: unresolved external symbol __imp_glEnable referenced in function main
Source.obj : error LNK2019: unresolved external symbol __imp_glLoadIdentity referenced in function "void __cdecl changeSize(int,int)" (?changeSize@@YAXHH@Z)
Source.obj : error LNK2019: unresolved external symbol __imp_glMatrixMode referenced in function "void __cdecl changeSize(int,int)" (?changeSize@@YAXHH@Z)
Source.obj : error LNK2019: unresolved external symbol __imp_glViewport referenced in function "void __cdecl changeSize(int,int)" (?changeSize@@YAXHH@Z)
Source.obj : error LNK2019: unresolved external symbol __imp___glutInitWithExit referenced in function glutInit_ATEXIT_HACK
Source.obj : error LNK2019: unresolved external symbol __imp_glutInitDisplayMode referenced in function main
Source.obj : error LNK2019: unresolved external symbol __imp_glutInitWindowPosition referenced in function main
Source.obj : error LNK2019: unresolved external symbol __imp_glutInitWindowSize referenced in function main
Source.obj : error LNK2019: unresolved external symbol __imp_glutMainLoop referenced in function main
Source.obj : error LNK2019: unresolved external symbol __imp___glutCreateWindowWithExit referenced in function glutCreateWindow_ATEXIT_HACK
Source.obj : error LNK2019: unresolved external symbol __imp_glutSwapBuffers referenced in function "void __cdecl renderScene(void)" (?renderScene@@YAXXZ)
Source.obj : error LNK2019: unresolved external symbol __imp_glutDisplayFunc referenced in function main
Source.obj : error LNK2019: unresolved external symbol __imp_glutReshapeFunc referenced in function main
Source.obj : error LNK2019: unresolved external symbol __imp_glutIdleFunc referenced in function main
Source.obj : error LNK2019: unresolved external symbol __imp_glutSpecialFunc referenced in function main
D:\Projekty\Lazik_Marsjanski\Lazik\\libraries\glut32.lib : warning LNK4272: library machine type 'x86' conflicts with target machine type 'x64'
D:\Projekty\Lazik_Marsjanski\Lazik\\libraries\OPENGL32.lib : warning LNK4272: library machine type 'x86' conflicts with target machine type 'x64'
D:\Projekty\Lazik_Marsjanski\Lazik\x64\Debug\Lazik_Marsjanski.exe : fatal error LNK1120: 16 unresolved externals
